<?xml version="1.0" encoding="UTF-8" ?>
<testsuite failures="0" time="0.031" errors="0" skipped="0" tests="1" name="com.fly.biz.AppTest">
  <properties>
    <property name="java.runtime.name" value="Java(TM) SE Runtime Environment"/>
    <property name="sun.boot.library.path" value="D:\java_tools\jdk1.6.0\jre\bin"/>
    <property name="java.vm.version" value="17.1-b03"/>
    <property name="java.vm.vendor" value="Sun Microsystems Inc."/>
    <property name="java.vendor.url" value="http://java.sun.com/"/>
    <property name="path.separator" value=";"/>
    <property name="java.vm.name" value="Java HotSpot(TM) Client VM"/>
    <property name="file.encoding.pkg" value="sun.io"/>
    <property name="user.country" value="CN"/>
    <property name="sun.java.launcher" value="SUN_STANDARD"/>
    <property name="sun.os.patch.level" value="Service Pack 3"/>
    <property name="java.vm.specification.name" value="Java Virtual Machine Specification"/>
    <property name="user.dir" value="G:\tehuijie\fourcoder\fly-biz"/>
    <property name="java.runtime.version" value="1.6.0_22-b04"/>
    <property name="java.awt.graphicsenv" value="sun.awt.Win32GraphicsEnvironment"/>
    <property name="basedir" value="G:\tehuijie\fourcoder\fly-biz"/>
    <property name="java.endorsed.dirs" value="D:\java_tools\jdk1.6.0\jre\lib\endorsed"/>
    <property name="os.arch" value="x86"/>
    <property name="surefire.real.class.path" value="C:\DOCUME~1\changbin.ydd\LOCALS~1\Temp\surefirebooter6644220476607670884.jar"/>
    <property name="java.io.tmpdir" value="C:\DOCUME~1\changbin.ydd\LOCALS~1\Temp\"/>
    <property name="line.separator" value="
"/>
    <property name="java.vm.specification.vendor" value="Sun Microsystems Inc."/>
    <property name="user.variant" value=""/>
    <property name="os.name" value="Windows XP"/>
    <property name="sun.jnu.encoding" value="GB18030"/>
    <property name="java.library.path" value="D:\java_tools\jdk1.6.0\jre\bin;.;C:\WINDOWS\Sun\Java\bin;C:\WINDOWS\system32;C:\WINDOWS;C:\Program Files\Nice Systems\NICE Player Codec Pack\;C:\WINDOWS\system32;C:\WINDOWS;C:\WINDOWS\System32\Wbem;C:\WINDOWS\system32\WindowsPowerShell\v1.0;C:\Program Files\ATI Technologies\ATI.ACE\Core-Static;C:\Program Files\Intel\DMIX;D:\java_tools\jdk1.6.0\bin;%GROOVY_HOME%\bin;d:\java_tools\maven2\bin;d:\java_tools\ant-1.8\bin;d:\java_tools\Subversion;d:\java_tools\Oracle_Instantclient;C:\Program Files\Common Files\Adobe\AGL;C:\Python26;D:\java_tools\jdk1.6.0\bin;D:\java_tools\jdk1.6.0\jre\bin;C:\Program Files\TortoiseSVN\bin;D:\java_tools\maven2\bin;C:\Python32;C:\Program Files\IDM Computer Solutions\UltraCompare\"/>
    <property name="surefire.test.class.path" value="G:\tehuijie\fourcoder\fly-biz\target\test-classes;G:\tehuijie\fourcoder\fly-biz\target\classes;C:\Documents and Settings\changbin.ydd\.m2\repository\junit\junit\3.8.1\junit-3.8.1.jar;C:\Documents and Settings\changbin.ydd\.m2\repository\org\springframework\spring\2.5.6\spring-2.5.6.jar;C:\Documents and Settings\changbin.ydd\.m2\repository\commons-logging\commons-logging\1.1.1\commons-logging-1.1.1.jar;"/>
    <property name="java.specification.name" value="Java Platform API Specification"/>
    <property name="java.class.version" value="50.0"/>
    <property name="sun.management.compiler" value="HotSpot Client Compiler"/>
    <property name="os.version" value="5.1"/>
    <property name="user.home" value="C:\Documents and Settings\changbin.ydd"/>
    <property name="user.timezone" value=""/>
    <property name="java.awt.printerjob" value="sun.awt.windows.WPrinterJob"/>
    <property name="java.specification.version" value="1.6"/>
    <property name="file.encoding" value="GB18030"/>
    <property name="user.name" value="changbin.ydd"/>
    <property name="java.class.path" value="G:\tehuijie\fourcoder\fly-biz\target\test-classes;G:\tehuijie\fourcoder\fly-biz\target\classes;C:\Documents and Settings\changbin.ydd\.m2\repository\junit\junit\3.8.1\junit-3.8.1.jar;C:\Documents and Settings\changbin.ydd\.m2\repository\org\springframework\spring\2.5.6\spring-2.5.6.jar;C:\Documents and Settings\changbin.ydd\.m2\repository\commons-logging\commons-logging\1.1.1\commons-logging-1.1.1.jar;"/>
    <property name="java.vm.specification.version" value="1.0"/>
    <property name="sun.arch.data.model" value="32"/>
    <property name="java.home" value="D:\java_tools\jdk1.6.0\jre"/>
    <property name="java.specification.vendor" value="Sun Microsystems Inc."/>
    <property name="user.language" value="zh"/>
    <property name="awt.toolkit" value="sun.awt.windows.WToolkit"/>
    <property name="java.vm.info" value="mixed mode"/>
    <property name="java.version" value="1.6.0_22"/>
    <property name="java.ext.dirs" value="D:\java_tools\jdk1.6.0\jre\lib\ext;C:\WINDOWS\Sun\Java\lib\ext"/>
    <property name="sun.boot.class.path" value="D:\java_tools\jdk1.6.0\jre\lib\resources.jar;D:\java_tools\jdk1.6.0\jre\lib\rt.jar;D:\java_tools\jdk1.6.0\jre\lib\sunrsasign.jar;D:\java_tools\jdk1.6.0\jre\lib\jsse.jar;D:\java_tools\jdk1.6.0\jre\lib\jce.jar;D:\java_tools\jdk1.6.0\jre\lib\charsets.jar;D:\java_tools\jdk1.6.0\jre\classes"/>
    <property name="java.vendor" value="Sun Microsystems Inc."/>
    <property name="localRepository" value="C:\Documents and Settings\changbin.ydd\.m2\repository"/>
    <property name="file.separator" value="\"/>
    <property name="java.vendor.url.bug" value="http://java.sun.com/cgi-bin/bugreport.cgi"/>
    <property name="sun.cpu.endian" value="little"/>
    <property name="sun.io.unicode.encoding" value="UnicodeLittle"/>
    <property name="sun.desktop" value="windows"/>
    <property name="sun.cpu.isalist" value="pentium_pro+mmx pentium_pro pentium+mmx pentium i486 i386 i86"/>
  </properties>
  <testcase time="0.015" classname="com.fly.biz.AppTest" name="testApp"/>
</testsuite>